Performing C SOURCE FILE Test HAVE___DECLSPEC_DLLEXPORT_ failed with the following output:
Change Dir: /home/thomas/Drive/tbagrel/courses/courses_2017_2018/tipe/resources/sais-2.4.1/cmake-build-debug/CMakeFiles/CMakeTmp

Run Build Command:"/usr/bin/make" "cmTC_accaa/fast"
/usr/bin/make -f CMakeFiles/cmTC_accaa.dir/build.make CMakeFiles/cmTC_accaa.dir/build
make[1] : on entre dans le répertoire « /home/thomas/Drive/tbagrel/courses/courses_2017_2018/tipe/resources/sais-2.4.1/cmake-build-debug/CMakeFiles/CMakeTmp »
Building C object CMakeFiles/cmTC_accaa.dir/src.c.o
/usr/bin/cc   -Wall -DHAVE___DECLSPEC_DLLEXPORT_   -o CMakeFiles/cmTC_accaa.dir/src.c.o   -c /home/thomas/Drive/tbagrel/courses/courses_2017_2018/tipe/resources/sais-2.4.1/cmake-build-debug/CMakeFiles/CMakeTmp/src.c
/home/thomas/Drive/tbagrel/courses/courses_2017_2018/tipe/resources/sais-2.4.1/cmake-build-debug/CMakeFiles/CMakeTmp/src.c:1:1: warning: return type defaults to ‘int’ [-Wimplicit-int]
 __declspec(dllexport) void func(); void func() { } int main() { func(); return 0; }
 ^~~~~~~~~~
/home/thomas/Drive/tbagrel/courses/courses_2017_2018/tipe/resources/sais-2.4.1/cmake-build-debug/CMakeFiles/CMakeTmp/src.c: In function ‘__declspec’:
/home/thomas/Drive/tbagrel/courses/courses_2017_2018/tipe/resources/sais-2.4.1/cmake-build-debug/CMakeFiles/CMakeTmp/src.c:1:48: error: expected ‘=’, ‘,’, ‘;’, ‘asm’ or ‘__attribute__’ before ‘{’ token
 __declspec(dllexport) void func(); void func() { } int main() { func(); return 0; }
                                                ^
/home/thomas/Drive/tbagrel/courses/courses_2017_2018/tipe/resources/sais-2.4.1/cmake-build-debug/CMakeFiles/CMakeTmp/src.c:1:63: error: expected ‘=’, ‘,’, ‘;’, ‘asm’ or ‘__attribute__’ before ‘{’ token
 __declspec(dllexport) void func(); void func() { } int main() { func(); return 0; }
                                                               ^
/home/thomas/Drive/tbagrel/courses/courses_2017_2018/tipe/resources/sais-2.4.1/cmake-build-debug/CMakeFiles/CMakeTmp/src.c:1:1: warning: type of ‘dllexport’ defaults to ‘int’ [-Wimplicit-int]
 __declspec(dllexport) void func(); void func() { } int main() { func(); return 0; }
 ^~~~~~~~~~
/home/thomas/Drive/tbagrel/courses/courses_2017_2018/tipe/resources/sais-2.4.1/cmake-build-debug/CMakeFiles/CMakeTmp/src.c:1:28: error: declaration for parameter ‘func’ but no such parameter
 __declspec(dllexport) void func(); void func() { } int main() { func(); return 0; }
                            ^~~~
/home/thomas/Drive/tbagrel/courses/courses_2017_2018/tipe/resources/sais-2.4.1/cmake-build-debug/CMakeFiles/CMakeTmp/src.c:1:63: error: expected ‘{’ at end of input
 __declspec(dllexport) void func(); void func() { } int main() { func(); return 0; }
                                                               ^
/home/thomas/Drive/tbagrel/courses/courses_2017_2018/tipe/resources/sais-2.4.1/cmake-build-debug/CMakeFiles/CMakeTmp/src.c:1:63: warning: control reaches end of non-void function [-Wreturn-type]
 __declspec(dllexport) void func(); void func() { } int main() { func(); return 0; }
                                                               ^
CMakeFiles/cmTC_accaa.dir/build.make:65 : la recette pour la cible « CMakeFiles/cmTC_accaa.dir/src.c.o » a échouée
make[1]: *** [CMakeFiles/cmTC_accaa.dir/src.c.o] Erreur 1
make[1] : on quitte le répertoire « /home/thomas/Drive/tbagrel/courses/courses_2017_2018/tipe/resources/sais-2.4.1/cmake-build-debug/CMakeFiles/CMakeTmp »
Makefile:126 : la recette pour la cible « cmTC_accaa/fast » a échouée
make: *** [cmTC_accaa/fast] Erreur 2

Source file was:
__declspec(dllexport) void func(); void func() { } int main() { func(); return 0; }
Performing C SOURCE FILE Test HAVE___DECLSPEC_DLLIMPORT_ failed with the following output:
Change Dir: /home/thomas/Drive/tbagrel/courses/courses_2017_2018/tipe/resources/sais-2.4.1/cmake-build-debug/CMakeFiles/CMakeTmp

Run Build Command:"/usr/bin/make" "cmTC_04fe9/fast"
/usr/bin/make -f CMakeFiles/cmTC_04fe9.dir/build.make CMakeFiles/cmTC_04fe9.dir/build
make[1] : on entre dans le répertoire « /home/thomas/Drive/tbagrel/courses/courses_2017_2018/tipe/resources/sais-2.4.1/cmake-build-debug/CMakeFiles/CMakeTmp »
Building C object CMakeFiles/cmTC_04fe9.dir/src.c.o
/usr/bin/cc   -Wall -DHAVE___DECLSPEC_DLLIMPORT_   -o CMakeFiles/cmTC_04fe9.dir/src.c.o   -c /home/thomas/Drive/tbagrel/courses/courses_2017_2018/tipe/resources/sais-2.4.1/cmake-build-debug/CMakeFiles/CMakeTmp/src.c
/home/thomas/Drive/tbagrel/courses/courses_2017_2018/tipe/resources/sais-2.4.1/cmake-build-debug/CMakeFiles/CMakeTmp/src.c:1:1: warning: return type defaults to ‘int’ [-Wimplicit-int]
 __declspec(dllimport) void func(); void func() { } int main() { func(); return 0; }
 ^~~~~~~~~~
/home/thomas/Drive/tbagrel/courses/courses_2017_2018/tipe/resources/sais-2.4.1/cmake-build-debug/CMakeFiles/CMakeTmp/src.c: In function ‘__declspec’:
/home/thomas/Drive/tbagrel/courses/courses_2017_2018/tipe/resources/sais-2.4.1/cmake-build-debug/CMakeFiles/CMakeTmp/src.c:1:48: error: expected ‘=’, ‘,’, ‘;’, ‘asm’ or ‘__attribute__’ before ‘{’ token
 __declspec(dllimport) void func(); void func() { } int main() { func(); return 0; }
                                                ^
/home/thomas/Drive/tbagrel/courses/courses_2017_2018/tipe/resources/sais-2.4.1/cmake-build-debug/CMakeFiles/CMakeTmp/src.c:1:63: error: expected ‘=’, ‘,’, ‘;’, ‘asm’ or ‘__attribute__’ before ‘{’ token
 __declspec(dllimport) void func(); void func() { } int main() { func(); return 0; }
                                                               ^
/home/thomas/Drive/tbagrel/courses/courses_2017_2018/tipe/resources/sais-2.4.1/cmake-build-debug/CMakeFiles/CMakeTmp/src.c:1:1: warning: type of ‘dllimport’ defaults to ‘int’ [-Wimplicit-int]
 __declspec(dllimport) void func(); void func() { } int main() { func(); return 0; }
 ^~~~~~~~~~
/home/thomas/Drive/tbagrel/courses/courses_2017_2018/tipe/resources/sais-2.4.1/cmake-build-debug/CMakeFiles/CMakeTmp/src.c:1:28: error: declaration for parameter ‘func’ but no such parameter
 __declspec(dllimport) void func(); void func() { } int main() { func(); return 0; }
                            ^~~~
/home/thomas/Drive/tbagrel/courses/courses_2017_2018/tipe/resources/sais-2.4.1/cmake-build-debug/CMakeFiles/CMakeTmp/src.c:1:63: error: expected ‘{’ at end of input
 __declspec(dllimport) void func(); void func() { } int main() { func(); return 0; }
                                                               ^
/home/thomas/Drive/tbagrel/courses/courses_2017_2018/tipe/resources/sais-2.4.1/cmake-build-debug/CMakeFiles/CMakeTmp/src.c:1:63: warning: control reaches end of non-void function [-Wreturn-type]
 __declspec(dllimport) void func(); void func() { } int main() { func(); return 0; }
                                                               ^
CMakeFiles/cmTC_04fe9.dir/build.make:65 : la recette pour la cible « CMakeFiles/cmTC_04fe9.dir/src.c.o » a échouée
make[1]: *** [CMakeFiles/cmTC_04fe9.dir/src.c.o] Erreur 1
make[1] : on quitte le répertoire « /home/thomas/Drive/tbagrel/courses/courses_2017_2018/tipe/resources/sais-2.4.1/cmake-build-debug/CMakeFiles/CMakeTmp »
Makefile:126 : la recette pour la cible « cmTC_04fe9/fast » a échouée
make: *** [cmTC_04fe9/fast] Erreur 2

Source file was:
__declspec(dllimport) void func(); void func() { } int main() { func(); return 0; }
